    Updating git repository `https://github.com/time-rs/time`
    Updating crates.io index
warning: patch `time v0.3.36 (https://github.com/time-rs/time?tag=v0.3.36#3c3c546a)` was not used in the crate graph
help: Check that the patched package version and available features are compatible
      with the dependency requirements. If the patch has a different version from
      what is locked in the Cargo.lock file, run `cargo update` to use the new
      version. This may also occur with an optional dependency that is not enabled.
     Locking 432 packages to latest compatible versions
      Adding aws-sdk-s3 v1.119.0 (available: v1.125.0)
      Adding aws-smithy-checksums v0.63.12 (available: v0.63.13)
      Adding axum v0.7.9 (available: v0.8.8)
      Adding crc-fast v1.6.0 (available: v1.10.0)
      Adding dashmap v5.5.3 (available: v6.1.0)
      Adding generic-array v0.14.7 (available: v0.14.9)
      Adding jsonwebtoken v9.3.1 (available: v10.3.0)
      Adding redis v0.25.4 (available: v1.0.5)
      Adding sqlx v0.7.4 (available: v0.8.6)
      Adding thiserror v1.0.69 (available: v2.0.18)
      Adding tower v0.4.13 (available: v0.5.3)
      Adding tower-http v0.5.2 (available: v0.6.8)
 Downloading crates ...
  Downloaded adler2 v2.0.1
  Downloaded atomic-waker v1.1.2
  Downloaded futures-core v0.3.32
  Downloaded generic-array v0.14.7
  Downloaded etcetera v0.8.0
  Downloaded pin-utils v0.1.0
  Downloaded num-iter v0.1.45
  Downloaded ptr_meta_derive v0.1.4
  Downloaded ppv-lite86 v0.2.21
  Downloaded rand_chacha v0.3.1
  Downloaded sha1_smol v1.0.1
  Downloaded subtle v2.6.1
  Downloaded tokio-retry v0.3.0
  Downloaded tokio-macros v2.6.1
  Downloaded try-lock v0.2.5
  Downloaded tracing-serde v0.2.0
  Downloaded wyz v0.5.1
  Downloaded zerofrom-derive v0.1.6
  Downloaded zune-core v0.5.1
  Downloaded xmlparser v0.13.6
  Downloaded yoke v0.8.1
  Downloaded unicode-properties v0.1.4
  Downloaded tower-http v0.5.2
  Downloaded uuid v1.22.0
  Downloaded url v2.5.8
  Downloaded unicode_categories v0.1.1
  Downloaded unicode-segmentation v1.12.0
  Downloaded moxcms v0.7.11
  Downloaded zune-jpeg v0.5.12
  Downloaded regex-automata v0.4.14
  Downloaded zerovec v0.11.5
  Downloaded vcpkg v0.2.15
  Downloaded image v0.25.9
  Downloaded webpki-roots v0.25.4
  Downloaded zerocopy v0.8.42
  Downloaded rustls v0.21.12
  Downloaded tracing v0.1.44
  Downloaded pxfm v0.1.28
  Downloaded winnow v0.7.15
  Downloaded image v0.23.14
  Downloaded rustls v0.23.37
  Downloaded zerotrie v0.2.3
  Downloaded unicode-normalization v0.1.25
  Downloaded libm v0.2.16
  Downloaded hyper v0.14.32
  Downloaded hkdf v0.12.4
  Downloaded hashbrown v0.16.1
  Downloaded tokio v1.50.0
  Downloaded hashbrown v0.15.5
  Downloaded h2 v0.4.13
  Downloaded h2 v0.3.27
  Downloaded futures-util v0.3.32
  Downloaded idna v1.1.0
  Downloaded icu_properties_data v2.1.2
  Downloaded hyper v1.8.1
  Downloaded tracing-subscriber v0.3.22
  Downloaded png v0.18.1
  Downloaded num-bigint-dig v0.8.6
  Downloaded libc v0.2.183
  Downloaded windows_x86_64_msvc v0.48.5
  Downloaded windows_x86_64_msvc v0.52.6
  Downloaded mio v1.1.1
  Downloaded hashbrown v0.14.5
  Downloaded rustdct v0.4.0
  Downloaded num-bigint v0.4.6
  Downloaded memchr v2.8.0
  Downloaded indexmap v2.13.0
  Downloaded icu_collections v2.1.1
  Downloaded hyper-util v0.1.20
  Downloaded http v1.4.0
  Downloaded http v0.2.12
  Downloaded ring v0.17.14
  Downloaded transpose v0.1.0
  Downloaded aws-sdk-s3 v1.119.0
  Downloaded unicode-ident v1.0.24
  Downloaded unicode-bidi v0.3.18
  Downloaded tower v0.5.3
  Downloaded tokio-util v0.7.18
  Downloaded socket2 v0.5.10
  Downloaded rustfft v3.0.1
  Downloaded nom v7.1.3
  Downloaded img_hash v3.2.0
  Downloaded hashbrown v0.12.3
  Downloaded tower v0.4.13
  Downloaded syn v2.0.117
  Downloaded typenum v1.19.0
  Downloaded toml_edit v0.25.4+spec-1.1.0
  Downloaded regex-syntax v0.8.10
  Downloaded minimal-lexical v0.2.1
  Downloaded futures-intrusive v0.5.0
  Downloaded tokio-rustls v0.24.1
  Downloaded time v0.3.47
  Downloaded syn v1.0.109
  Downloaded p256 v0.11.1
  Downloaded miniz_oxide v0.8.9
  Downloaded image-webp v0.2.4
  Downloaded icu_normalizer_data v2.1.1
  Downloaded icu_normalizer v2.1.1
  Downloaded icu_locale_core v2.1.1
  Downloaded urlencoding v2.1.3
  Downloaded tokio-rustls v0.26.4
  Downloaded smallvec v1.15.1
  Downloaded rustls-pki-types v1.14.0
  Downloaded rustls-native-certs v0.8.3
  Downloaded redis v0.25.4
  Downloaded pin-project v1.1.11
  Downloaded parking_lot v0.12.5
  Downloaded icu_properties v2.1.2
  Downloaded zmij v1.0.21
  Downloaded zerovec-derive v0.11.2
  Downloaded zeroize v1.8.2
  Downloaded weezl v0.1.12
  Downloaded log v0.4.29
  Downloaded zerofrom v0.1.6
  Downloaded yoke-derive v0.8.1
  Downloaded writeable v0.6.2
  Downloaded windows-link v0.2.1
  Downloaded whoami v1.6.1
  Downloaded vsimd v0.8.0
  Downloaded version_check v0.9.5
  Downloaded utf8_iter v1.0.4
  Downloaded untrusted v0.9.0
  Downloaded sqlx v0.7.4
  Downloaded serde_json v1.0.149
  Downloaded rustls-webpki v0.101.7
  Downloaded regex v1.12.3
  Downloaded num-traits v0.2.19
  Downloaded litemap v0.8.1
  Downloaded jsonwebtoken v9.3.1
  Downloaded getrandom v0.3.4
  Downloaded futures v0.3.32
  Downloaded windows-targets v0.52.6
  Downloaded windows-targets v0.48.5
  Downloaded want v0.3.1
  Downloaded tracing-core v0.1.36
  Downloaded toml_parser v1.0.9+spec-1.1.0
  Downloaded tokio-stream v0.1.18
  Downloaded thread_local v1.1.9
  Downloaded thiserror-impl v2.0.18
  Downloaded thiserror-impl v1.0.69
  Downloaded slab v0.4.12
  Downloaded simple_asn1 v0.6.4
  Downloaded simdutf8 v0.1.5
  Downloaded simd-adler32 v0.3.8
  Downloaded shlex v1.3.0
  Downloaded rustls-pemfile v1.0.4
  Downloaded pkcs1 v0.7.5
  Downloaded icu_provider v2.1.1
  Downloaded tracing-log v0.2.0
  Downloaded tracing-attributes v0.1.31
  Downloaded tower-layer v0.3.3
  Downloaded toml_datetime v1.0.0+spec-1.1.0
  Downloaded sqlx-postgres v0.7.4
  Downloaded rust_decimal v1.40.0
  Downloaded rkyv v0.7.46
  Downloaded hmac v0.12.1
  Downloaded windows-sys v0.61.2
  Downloaded chrono v0.4.44
  Downloaded bitvec v1.0.1
  Downloaded aws-sdk-sts v1.100.0
  Downloaded aws-lc-rs v1.16.1
  Downloaded transpose v0.2.3
  Downloaded tower-service v0.3.3
  Downloaded tinyvec v1.10.0
  Downloaded sqlx-core v0.7.4
  Downloaded windows-sys v0.52.0
  Downloaded serde v1.0.228
  Downloaded rustls-webpki v0.103.9
  Downloaded windows-sys v0.48.0
  Downloaded rsa v0.9.10
  Downloaded parking_lot_core v0.9.12
  Downloaded once_cell v1.21.3
  Downloaded idna_adapter v1.2.1
  Downloaded httparse v1.10.1
  Downloaded tinyvec_macros v0.1.1
  Downloaded tinystr v0.8.2
  Downloaded time-macros v0.2.27
  Downloaded thiserror v2.0.18
  Downloaded tempfile v3.26.0
  Downloaded synstructure v0.13.2
  Downloaded sqlx-sqlite v0.7.4
  Downloaded sqlx-mysql v0.7.4
  Downloaded socket2 v0.6.3
  Downloaded signature v2.2.0
  Downloaded signature v1.6.4
  Downloaded regex-lite v0.1.9
  Downloaded rand v0.9.2
  Downloaded quote v1.0.45
  Downloaded hyper-rustls v0.27.7
  Downloaded gif v0.14.1
  Downloaded getrandom v0.4.2
  Downloaded axum v0.7.9
  Downloaded aws-config v1.8.15
  Downloaded time-core v0.1.8
  Downloaded thiserror v1.0.69
  Downloaded tap v1.0.1
  Downloaded sync_wrapper v1.0.2
  Downloaded stringprep v0.1.5
  Downloaded strength_reduce v0.2.4
  Downloaded sqlx-macros-core v0.7.4
  Downloaded sqlformat v0.2.6
  Downloaded spki v0.7.3
  Downloaded spin v0.9.8
  Downloaded sharded-slab v0.1.7
  Downloaded serde_derive v1.0.228
  Downloaded serde_core v1.0.228
  Downloaded schannel v0.1.28
  Downloaded ryu v1.0.23
  Downloaded rustversion v1.0.22
  Downloaded rand v0.8.5
  Downloaded pem-rfc7468 v0.7.0
  Downloaded num-complex v0.2.4
  Downloaded nu-ansi-term v0.50.3
  Downloaded http-body-util v0.1.3
  Downloaded crc-fast v1.6.0
  Downloaded combine v4.6.7
  Downloaded aws-smithy-runtime v1.10.3
  Downloaded aho-corasick v1.1.4
  Downloaded stable_deref_trait v1.2.1
  Downloaded sqlx-macros v0.7.4
  Downloaded spki v0.6.0
  Downloaded sha2 v0.10.9
  Downloaded sha1 v0.10.6
  Downloaded serde_path_to_error v0.1.20
  Downloaded semver v1.0.27
  Downloaded sec1 v0.3.0
  Downloaded seahash v4.1.0
  Downloaded sct v0.7.1
  Downloaded scopeguard v1.2.0
  Downloaded rand_core v0.9.5
  Downloaded rand_core v0.6.4
  Downloaded pin-project-lite v0.2.17
  Downloaded paste v1.0.15
  Downloaded matchit v0.7.3
  Downloaded jobserver v0.1.34
  Downloaded futures-channel v0.3.32
  Downloaded cc v1.2.56
  Downloaded aws-smithy-http-client v1.1.12
  Downloaded aws-sdk-ssooidc v1.98.0
  Downloaded serde_urlencoded v0.7.1
  Downloaded rustc_version v0.4.1
  Downloaded rkyv_derive v0.7.46
  Downloaded rfc6979 v0.3.1
  Downloaded rend v0.4.2
  Downloaded rand_chacha v0.9.0
  Downloaded quick-error v2.0.1
  Downloaded proc-macro2 v1.0.106
  Downloaded pkcs8 v0.9.0
  Downloaded pin-project-internal v1.1.11
  Downloaded pem v3.0.6
  Downloaded num-rational v0.3.2
  Downloaded num-integer v0.1.46
  Downloaded lock_api v0.4.14
  Downloaded ipnet v2.12.0
  Downloaded hyper-rustls v0.24.2
  Downloaded home v0.5.12
  Downloaded getrandom v0.2.17
  Downloaded futures-io v0.3.32
  Downloaded flate2 v1.1.9
  Downloaded der v0.7.10
  Downloaded crypto-bigint v0.5.5
  Downloaded borsh v1.6.0
  Downloaded base64 v0.22.1
  Downloaded base64 v0.21.7
  Downloaded base64 v0.13.1
  Downloaded aws-smithy-types v1.4.6
  Downloaded aws-smithy-runtime-api v1.11.6
  Downloaded aws-sigv4 v1.4.2
  Downloaded aws-sdk-sso v1.96.0
  Downloaded aws-runtime v1.7.2
  Downloaded radium v0.7.0
  Downloaded hashlink v0.8.4
  Downloaded group v0.12.1
  Downloaded flume v0.11.1
  Downloaded der v0.6.1
  Downloaded bytes v1.11.1
  Downloaded bytemuck v1.25.0
  Downloaded aws-smithy-http v0.62.6
  Downloaded arc-swap v1.8.2
  Downloaded allocator-api2 v0.2.21
  Downloaded percent-encoding v2.3.2
  Downloaded mime v0.3.17
  Downloaded itoa v1.0.17
  Downloaded elliptic-curve v0.12.3
  Downloaded displaydoc v0.2.5
  Downloaded crypto-bigint v0.4.9
  Downloaded bitflags v2.11.0
  Downloaded aws-types v1.3.14
  Downloaded aws-smithy-json v0.62.5
  Downloaded aws-smithy-http v0.63.6
  Downloaded ptr_meta v0.1.4
  Downloaded proc-macro-crate v3.5.0
  Downloaded powerfmt v0.2.0
  Downloaded potential_utf v0.1.4
  Downloaded pkg-config v0.3.32
  Downloaded pkcs8 v0.10.2
  Downloaded deranged v0.5.8
  Downloaded crossbeam-utils v0.8.21
  Downloaded crc32fast v1.5.0
  Downloaded const-oid v0.9.6
  Downloaded cmake v0.1.57
  Downloaded bytes-utils v0.1.4
  Downloaded axum-macros v0.4.2
  Downloaded axum-core v0.4.5
  Downloaded ahash v0.7.8
  Downloaded libsqlite3-sys v0.27.0
  Downloaded num-conv v0.2.0
  Downloaded md-5 v0.10.6
  Downloaded matchers v0.2.0
  Downloaded lru v0.12.5
  Downloaded lazy_static v1.5.0
  Downloaded http-body v1.0.1
  Downloaded hex v0.4.3
  Downloaded futures-executor v0.3.32
  Downloaded fs_extra v1.3.0
  Downloaded foldhash v0.1.5
  Downloaded find-msvc-tools v0.1.9
  Downloaded fdeflate v0.3.7
  Downloaded either v1.15.0
  Downloaded ecdsa v0.14.8
  Downloaded dotenvy v0.15.7
  Downloaded digest v0.10.7
  Downloaded dashmap v5.5.3
  Downloaded byteorder v1.5.0
  Downloaded borsh-derive v1.6.0
  Downloaded base64ct v1.8.3
  Downloaded aws-smithy-xml v0.60.15
  Downloaded aws-smithy-json v0.61.9
  Downloaded aws-smithy-eventstream v0.60.20
  Downloaded aws-smithy-checksums v0.63.12
  Downloaded aws-smithy-async v1.2.14
  Downloaded aws-credential-types v1.2.14
  Downloaded async-trait v0.1.89
  Downloaded ahash v0.8.12
  Downloaded outref v0.5.2
  Downloaded httpdate v1.0.3
  Downloaded http-body v0.4.6
  Downloaded heck v0.4.1
  Downloaded futures-task v0.3.32
  Downloaded futures-macro v0.3.32
  Downloaded funty v2.0.0
  Downloaded ff v0.12.1
  Downloaded fastrand v2.3.0
  Downloaded event-listener v2.5.3
  Downloaded equivalent v1.0.2
  Downloaded crypto-common v0.1.7
  Downloaded crc-catalog v2.4.0
  Downloaded color_quant v1.1.0
  Downloaded cfg_aliases v0.2.1
  Downloaded bytecheck_derive v0.6.12
  Downloaded block-buffer v0.10.4
  Downloaded base16ct v0.1.1
  Downloaded aws-smithy-observability v0.2.6
  Downloaded atoi v2.0.0
  Downloaded cfg-if v1.0.4
  Downloaded base64-simd v0.8.0
  Downloaded aws-smithy-query v0.60.15
  Downloaded autocfg v1.5.0
  Downloaded arrayvec v0.7.6
  Downloaded futures-sink v0.3.32
  Downloaded form_urlencoded v1.2.2
  Downloaded fnv v1.0.7
  Downloaded dunce v1.0.5
  Downloaded crossbeam-queue v0.3.12
  Downloaded crc v3.4.0
  Downloaded cpufeatures v0.2.17
  Downloaded byteorder-lite v0.1.0
  Downloaded bytecheck v0.6.12
  Downloaded aws-lc-sys v0.38.0
   Compiling proc-macro2 v1.0.106
   Compiling unicode-ident v1.0.24
   Compiling quote v1.0.45
    Checking cfg-if v1.0.4
   Compiling getrandom v0.3.4
   Compiling autocfg v1.5.0
    Checking windows-link v0.2.1
   Compiling parking_lot_core v0.9.12
    Checking smallvec v1.15.1
    Checking pin-project-lite v0.2.17
   Compiling version_check v0.9.5
    Checking bytes v1.11.1
    Checking windows-sys v0.61.2
   Compiling serde_core v1.0.228
    Checking scopeguard v1.2.0
    Checking itoa v1.0.17
    Checking lock_api v0.4.14
    Checking futures-core v0.3.32
error: linker `link.exe` not found
  |
  = note: program not found

note: the msvc targets depend on the msvc linker but `link.exe` was not found

note: please ensure that Visual Studio 2017 or later, or Build Tools for Visual Studio were installed with the Visual C++ option.

note: VS Code is a different product, and is not sufficient.

error: could not compile `parking_lot_core` (build script) due to 1 previous error
warning: build failed, waiting for other jobs to finish...
error: could not compile `quote` (build script) due to 1 previous error
error: could not compile `proc-macro2` (build script) due to 1 previous error
error: could not compile `getrandom` (build script) due to 1 previous error
error: could not compile `serde_core` (build script) due to 1 previous error
